<?xml version="1.0" encoding="UTF-8"?>
<!-- Generated by org.testng.reporters.JUnitXMLReporter -->
<testsuite ignored="0" hostname="LAPTOP-TOE98MBN" failures="0" tests="3" name="Test" time="1.315" errors="0" timestamp="2024-12-12T22:40:55 IST">
  <testcase classname="com.testingshastra.base.TestBase" name="@BeforeMethod setUp" time="1.258">
    <failure type="java.lang.NullPointerException" message="Cannot invoke &amp;quot;org.openqa.selenium.support.ui.FluentWait.withTimeout(java.time.Duration)&amp;quot; because &amp;quot;com.testingshastra.Keyword.wait&amp;quot; is null">
      <![CDATA[java.lang.NullPointerException: Cannot invoke "org.openqa.selenium.support.ui.FluentWait.withTimeout(java.time.Duration)" because "com.testingshastra.Keyword.wait" is null
at com.testingshastra.Keyword.launchBrowser(Keyword.java:39)
at com.testingshastra.base.TestBase.setUp(TestBase.java:20)
at java.base/java.util.ArrayList.forEach(ArrayList.java:1511)
... Removed 31 stack frames]]>
    </failure>
  </testcase> <!-- @BeforeMethod setUp -->
  <testcase classname="com.testingshastra.base.TestBase" name="@AfterMethod tearDown" time="0.0">
    <skipped/>
  </testcase> <!-- @AfterMethod tearDown -->
  <testcase classname="com.testingshastra.base.TestBase" name="@BeforeMethod setUp" time="0.0">
    <skipped/>
  </testcase> <!-- @BeforeMethod setUp -->
  <testcase classname="com.testingshastra.base.TestBase" name="@AfterMethod tearDown" time="0.0">
    <skipped/>
  </testcase> <!-- @AfterMethod tearDown -->
  <testcase classname="com.testingshastra.base.TestBase" name="@BeforeMethod setUp" time="0.0">
    <skipped/>
  </testcase> <!-- @BeforeMethod setUp -->
  <testcase classname="com.testingshastra.base.TestBase" name="@AfterMethod tearDown" time="0.0">
    <skipped/>
  </testcase> <!-- @AfterMethod tearDown -->
  <testcase classname="com.testingshastra.AddUserTests" name="varifyNameOfAlreadyCreatedUserPopulatesInList" time="0.0">
    <skipped/>
  </testcase> <!-- varifyNameOfAlreadyCreatedUserPopulatesInList -->
  <testcase classname="com.testingshastra.AddUserTests" name="varifyNameOfAlreadyCreatedUserPopulatesInListUsingKeywords" time="0.0">
    <skipped/>
  </testcase> <!-- varifyNameOfAlreadyCreatedUserPopulatesInListUsingKeywords -->
  <testcase classname="com.testingshastra.AddUserTests" name="varifyNameOfAlreadyCreatedUserPopulatesInListUsingKeywordsPropertiesFile" time="0.001">
    <skipped/>
  </testcase> <!-- varifyNameOfAlreadyCreatedUserPopulatesInListUsingKeywordsPropertiesFile -->
</testsuite> <!-- Test -->
